Arguments: 
  C:\Program Files\nodejs\node.exe C:\Users\lnchen6\AppData\Roaming\npm\node_modules\yarn\bin\yarn.js

PATH: 
  C:\windows\system32;C:\windows;C:\windows\System32\Wbem;C:\windows\System32\WindowsPowerShell\v1.0\;C:\windows\System32\OpenSSH\;D:\软件\Git\cmd;C:\Users\lnchen6\AppData\Roaming\nvm;C:\Program Files\nodejs;D:\soft\mongodb\bin;C:\Users\lnchen6\AppData\Local\Microsoft\WindowsApps;D:\软件\Microsoft VS Code\bin;C:\Users\lnchen6\AppData\Roaming\npm;C:\Users\lnchen6\AppData\Roaming\nvm;C:\Program Files\nodejs;%SystemRoot%\System32\Wbem;C:\Users\lnchen6\AppData\Local\Programs\Fiddler

Yarn version: 
  1.22.17

Node version: 
  14.16.0

Platform: 
  win32 x64

Trace: 
  SyntaxError: D:\chenlina\myupload\upload-backend\package.json: Unexpected token } in JSON at position 331
      at JSON.parse (<anonymous>)
      at C:\Users\lnchen6\AppData\Roaming\npm\node_modules\yarn\lib\cli.js:1625:59
      at Generator.next (<anonymous>)
      at step (C:\Users\lnchen6\AppData\Roaming\npm\node_modules\yarn\lib\cli.js:310:30)
      at C:\Users\lnchen6\AppData\Roaming\npm\node_modules\yarn\lib\cli.js:321:13

npm manifest: 
  {
    "name": "uploadfile",
    "version": "1.0.0",
    "description": "",
    "main": "index.js",
    "scripts": {
      "server": "node ./app.js"
    },
    "author": "",
    "license": "ISC",
    "dependencies": {
      "body-parser": "^1.19.0",
      "express": "^4.17.1",
      "multiparty": "^4.2.2",
      "qs": "^6.10.1",
      "spark-md5": "^3.0.2",
    }
  }

yarn manifest: 
  No manifest

Lockfile: 
  No lockfile
